11-Mar-24 02:23:57 - Test Speaker: F01
11-Mar-24 02:23:57 - Log File Path: /output/logs/torgo_xlsr_finetune_F01_keep_all/F01_evaluate_20240311_022357.log

11-Mar-24 02:23:59 - Using GPU: Tesla T4

11-Mar-24 02:23:59 - Loading the model and processor from macarious/torgo_xlsr_finetune_F01_keep_all
11-Mar-24 02:24:32 - Model loaded from macarious/torgo_xlsr_finetune_F01_keep_all
11-Mar-24 02:24:33 - Processor loaded from macarious/torgo_xlsr_finetune_F01_keep_all

11-Mar-24 02:24:34 - Splitting the dataset into training / validation / test sets...
11-Mar-24 02:24:34 - Unique speakers found in the dataset:
11-Mar-24 02:24:34 - ['F01' 'F03' 'F04' 'FC01' 'FC02' 'FC03' 'M01' 'M02' 'M03' 'M04' 'M05'
 'MC01' 'MC02' 'MC03' 'MC04']

11-Mar-24 02:24:34 - After removal of repeated prompts, the number of data in each dataset is:
11-Mar-24 02:24:34 - Train:       9749/15091 (64%)
11-Mar-24 02:24:34 - Validation:  483/1075 (44%)
11-Mar-24 02:24:34 - Test:        126/228 (55%)

11-Mar-24 02:25:14 - After filtering audio within a certain length, the number of data in each dataset is:
11-Mar-24 02:25:14 - Train:       9638/15091 (63%)
11-Mar-24 02:25:14 - Validation:  460/1075 (42%)
11-Mar-24 02:25:14 - Test:        115/228 (50%)

11-Mar-24 02:25:14 - Start Evaluation
11-Mar-24 02:25:15 - Predicting on the training set...
11-Mar-24 02:35:29 - Word Error Rate: 0.011725922216658321
11-Mar-24 02:35:29 - Predictions saved to: /output/results/torgo_xlsr_finetune_F01_keep_all/F01_predictions_train.csv

11-Mar-24 02:35:29 - Predicting on the validation set...
11-Mar-24 02:35:56 - Word Error Rate: 0.25255102040816324
11-Mar-24 02:35:56 - Predictions saved to: /output/results/torgo_xlsr_finetune_F01_keep_all/F01_predictions_validation.csv

11-Mar-24 02:35:56 - Predicting on the test set...
11-Mar-24 02:36:03 - Word Error Rate: 0.4727272727272727
11-Mar-24 02:36:03 - Predictions saved to: /output/results/torgo_xlsr_finetune_F01_keep_all/F01_predictions_test.csv

11-Mar-24 02:36:03 - Summary of Word Error Rates saved to /output/results/torgo_xlsr_finetune_F01_keep_all/F01_wer_summary.csv

11-Mar-24 02:36:03 - End of Script
11-Mar-24 02:36:03 - --------------------------------------------

