07-Mar-24 02:41:10 - Test Speaker: F03
07-Mar-24 02:41:10 - Log File Path: /output/logs/torgo_xlsr_finetune_F03/F03_evaluate_20240307_024110.log

07-Mar-24 02:41:12 - Using GPU: Tesla T4

07-Mar-24 02:41:12 - Loading the model and processor from macarious/torgo_xlsr_finetune_F03
07-Mar-24 02:41:37 - Model loaded from macarious/torgo_xlsr_finetune_F03
07-Mar-24 02:41:39 - Processor loaded from macarious/torgo_xlsr_finetune_F03

07-Mar-24 02:41:40 - Splitting the dataset into training / validation / test sets...
07-Mar-24 02:41:40 - Unique speakers found in the dataset:
07-Mar-24 02:41:40 - ['F01' 'F03' 'F04' 'FC01' 'FC02' 'FC03' 'M01' 'M02' 'M03' 'M04' 'M05'
 'MC01' 'MC02' 'MC03' 'MC04']

07-Mar-24 02:41:40 - After removal of repeated prompts, the number of data in each dataset is:
07-Mar-24 02:41:40 - Train:       9551/14652 (65%)
07-Mar-24 02:41:40 - Validation:  300/667 (44%)
07-Mar-24 02:41:40 - Test:        592/1075 (55%)

07-Mar-24 02:42:17 - After filtering audio within a certain length, the number of data in each dataset is:
07-Mar-24 02:42:17 - Train:       9440/14652 (64%)
07-Mar-24 02:42:17 - Validation:  294/667 (44%)
07-Mar-24 02:42:17 - Test:        557/1075 (51%)

07-Mar-24 02:42:17 - Start Evaluation
07-Mar-24 02:42:17 - Predicting on the training set...
07-Mar-24 02:51:56 - Word Error Rate: 0.012619910466851418
07-Mar-24 02:51:56 - Predictions saved to: /output/results/torgo_xlsr_finetune_F03/F03_predictions_train.csv

07-Mar-24 02:51:56 - Predicting on the validation set...
07-Mar-24 02:52:18 - Word Error Rate: 0.048143053645116916
07-Mar-24 02:52:18 - Predictions saved to: /output/results/torgo_xlsr_finetune_F03/F03_predictions_validation.csv

07-Mar-24 02:52:18 - Predicting on the test set...
07-Mar-24 02:52:52 - Word Error Rate: 0.6514206514206514
07-Mar-24 02:52:52 - Predictions saved to: /output/results/torgo_xlsr_finetune_F03/F03_predictions_test.csv

07-Mar-24 02:52:52 - Summary of Word Error Rates saved to /output/results/torgo_xlsr_finetune_F03/F03_wer_summary.csv

07-Mar-24 02:52:52 - End of Script
07-Mar-24 02:52:52 - --------------------------------------------

