05-Mar-24 01:26:24 - Test Speaker: F03
05-Mar-24 01:26:24 - Log File Path: /output/logs/torgo_xlsr_finetune_F03/F03_train_20240305_012624.log

05-Mar-24 01:26:26 - Using GPU: Tesla T4

05-Mar-24 01:26:26 - Splitting the dataset into training / validation / test sets...
05-Mar-24 01:26:26 - Unique speakers found in the dataset:
05-Mar-24 01:26:26 - ['F01' 'F03' 'F04' 'FC01' 'FC02' 'FC03' 'M01' 'M02' 'M03' 'M04' 'M05'
 'MC01' 'MC02' 'MC03' 'MC04']

05-Mar-24 01:26:26 - After removal of repeated prompts, the number of data in each dataset is:
05-Mar-24 01:26:26 - Train:       9551/14652 (65%)
05-Mar-24 01:26:26 - Validation:  300/667 (44%)
05-Mar-24 01:26:26 - Test:        592/1075 (55%)

05-Mar-24 01:26:26 - Vocab Dictionary:
05-Mar-24 01:26:26 - {'[PAD]': 0, '<s>': 1, '</s>': 2, '[UNK]': 3, "'": 4, 'a': 5, 'b': 6, 'c': 7, 'd': 8, 'e': 9, 'f': 10, 'g': 11, 'h': 12, 'i': 13, 'j': 14, 'k': 15, 'l': 16, 'm': 17, 'n': 18, 'o': 19, 'p': 20, 'q': 21, 'r': 22, 's': 23, 't': 24, 'u': 25, 'v': 26, 'w': 27, 'x': 28, 'y': 29, 'z': 30, '|': 31}

05-Mar-24 01:26:29 - After filtering audio within a certain length, the number of data in each dataset is:
05-Mar-24 01:26:29 - Train:       9440/14652 (64%)
05-Mar-24 01:26:29 - Validation:  294/667 (44%)
05-Mar-24 01:26:29 - Test:        557/1075 (51%)

05-Mar-24 01:26:35 - /output/model/torgo_xlsr_finetune_F03 is already a clone of https://huggingface.co/macarious/torgo_xlsr_finetune_F03. Make sure you pull the latest changes with `repo.git_pull()`.
05-Mar-24 01:26:37 - Start Training
05-Mar-24 01:26:37 - Training Arguments:
05-Mar-24 01:26:37 - {'Training Epochs': 20, 'Training Batch Size': 4, 'Evaluation Batch Size': 4, 'Learning Rate': 0.0001, 'Weight Decay': 0.005}
05-Mar-24 01:26:37 - No checkpoint found in the repository. Training from scratch.
