07-Mar-24 09:40:47 - Test Speaker: M03
07-Mar-24 09:40:47 - Log File Path: /output/logs/torgo_xlsr_finetune_M03/M03_evaluate_20240307_094047.log

07-Mar-24 09:40:47 - Old caching folder /home/hui.mac/.cache/huggingface/datasets/csv/default-00842fc15d46bcdc/0.0.0/2c2bba169a7e870eb2bcc07f2c69b72b171db4933b1c2e2833d2b48aeaf2f6c6 for dataset csv exists but no data were found. Removing it. 
07-Mar-24 09:40:49 - Using GPU: Tesla T4

07-Mar-24 09:40:49 - Loading the model and processor from macarious/torgo_xlsr_finetune_M03
07-Mar-24 09:41:08 - Model loaded from macarious/torgo_xlsr_finetune_M03
07-Mar-24 09:41:09 - Processor loaded from macarious/torgo_xlsr_finetune_M03

07-Mar-24 09:41:09 - Splitting the dataset into training / validation / test sets...
07-Mar-24 09:41:09 - Unique speakers found in the dataset:
07-Mar-24 09:41:09 - ['F01' 'F03' 'F04' 'FC01' 'FC02' 'FC03' 'M01' 'M02' 'M03' 'M04' 'M05'
 'MC01' 'MC02' 'MC03' 'MC04']

07-Mar-24 09:41:10 - After removal of repeated prompts, the number of data in each dataset is:
07-Mar-24 09:41:10 - Train:       9493/14519 (65%)
07-Mar-24 09:41:10 - Validation:  483/1075 (44%)
07-Mar-24 09:41:10 - Test:        442/800 (55%)

07-Mar-24 09:41:46 - After filtering audio within a certain length, the number of data in each dataset is:
07-Mar-24 09:41:46 - Train:       9376/14519 (64%)
07-Mar-24 09:41:46 - Validation:  460/1075 (42%)
07-Mar-24 09:41:46 - Test:        442/800 (55%)

07-Mar-24 09:41:46 - Start Evaluation
07-Mar-24 09:41:47 - Predicting on the training set...
07-Mar-24 09:51:24 - Word Error Rate: 0.012812821391840933
07-Mar-24 09:51:24 - Predictions saved to: /output/results/torgo_xlsr_finetune_M03/M03_predictions_train.csv

07-Mar-24 09:51:24 - Predicting on the validation set...
07-Mar-24 09:51:50 - Word Error Rate: 0.21428571428571427
07-Mar-24 09:51:50 - Predictions saved to: /output/results/torgo_xlsr_finetune_M03/M03_predictions_validation.csv

07-Mar-24 09:51:50 - Predicting on the test set...
07-Mar-24 09:52:21 - Word Error Rate: 0.45213675213675214
07-Mar-24 09:52:21 - Predictions saved to: /output/results/torgo_xlsr_finetune_M03/M03_predictions_test.csv

07-Mar-24 09:52:21 - Summary of Word Error Rates saved to /output/results/torgo_xlsr_finetune_M03/M03_wer_summary.csv

07-Mar-24 09:52:21 - End of Script
07-Mar-24 09:52:21 - --------------------------------------------

