07-Mar-24 03:14:09 - Test Speaker: M03
07-Mar-24 03:14:09 - Log File Path: /output/logs/torgo_xlsr_finetune_M03/M03_train_20240307_031409.log

07-Mar-24 03:14:11 - Using GPU: Tesla T4

07-Mar-24 03:14:11 - Splitting the dataset into training / validation / test sets...
07-Mar-24 03:14:11 - Unique speakers found in the dataset:
07-Mar-24 03:14:11 - ['F01' 'F03' 'F04' 'FC01' 'FC02' 'FC03' 'M01' 'M02' 'M03' 'M04' 'M05'
 'MC01' 'MC02' 'MC03' 'MC04']

07-Mar-24 03:14:12 - After removal of repeated prompts, the number of data in each dataset is:
07-Mar-24 03:14:12 - Train:       9493/14519 (65%)
07-Mar-24 03:14:12 - Validation:  483/1075 (44%)
07-Mar-24 03:14:12 - Test:        442/800 (55%)

07-Mar-24 03:14:13 - Vocab Dictionary:
07-Mar-24 03:14:13 - {'[PAD]': 0, '<s>': 1, '</s>': 2, '[UNK]': 3, "'": 4, 'a': 5, 'b': 6, 'c': 7, 'd': 8, 'e': 9, 'f': 10, 'g': 11, 'h': 12, 'i': 13, 'j': 14, 'k': 15, 'l': 16, 'm': 17, 'n': 18, 'o': 19, 'p': 20, 'q': 21, 'r': 22, 's': 23, 't': 24, 'u': 25, 'v': 26, 'w': 27, 'x': 28, 'y': 29, 'z': 30, '|': 31}

07-Mar-24 03:14:50 - After filtering audio within a certain length, the number of data in each dataset is:
07-Mar-24 03:14:50 - Train:       9376/14519 (64%)
07-Mar-24 03:14:50 - Validation:  460/1075 (42%)
07-Mar-24 03:14:50 - Test:        442/800 (55%)

07-Mar-24 03:14:56 - Cloning https://huggingface.co/macarious/torgo_xlsr_finetune_M03 into local empty directory.
07-Mar-24 03:15:00 - Start Training
07-Mar-24 03:15:00 - Training Arguments:
07-Mar-24 03:15:00 - {'Training Epochs': 20, 'Training Batch Size': 4, 'Evaluation Batch Size': 4, 'Learning Rate': 0.0001, 'Weight Decay': 0.005}
07-Mar-24 03:15:00 - No checkpoint found in the repository. Training from scratch.
07-Mar-24 03:31:15 - Current Word Error Rate: 1.0
07-Mar-24 03:47:42 - Current Word Error Rate: 0.8828522920203735
07-Mar-24 03:48:47 - Several commits (2) will be pushed upstream.
07-Mar-24 03:56:40 - Several commits (3) will be pushed upstream.
07-Mar-24 04:03:59 - Current Word Error Rate: 0.6137521222410866
07-Mar-24 04:20:23 - Current Word Error Rate: 0.50169779286927
07-Mar-24 04:21:27 - Several commits (2) will be pushed upstream.
07-Mar-24 04:36:44 - Current Word Error Rate: 0.4032258064516129
07-Mar-24 04:37:51 - Several commits (2) will be pushed upstream.
07-Mar-24 04:45:51 - Several commits (3) will be pushed upstream.
07-Mar-24 04:53:00 - Current Word Error Rate: 0.37181663837011886
07-Mar-24 04:54:03 - Several commits (4) will be pushed upstream.
