07-Mar-24 02:54:53 - Test Speaker: M03
07-Mar-24 02:54:53 - Log File Path: /output/logs/torgo_xlsr_finetune_M03/M03_evaluate_20240307_025453.log

07-Mar-24 02:54:54 - Using GPU: Tesla T4

07-Mar-24 02:54:54 - Loading the model and processor from macarious/torgo_xlsr_finetune_M03
07-Mar-24 02:54:58 - Model loaded from macarious/torgo_xlsr_finetune_M03
07-Mar-24 02:54:58 - Processor loaded from macarious/torgo_xlsr_finetune_M03

07-Mar-24 02:54:59 - Splitting the dataset into training / validation / test sets...
07-Mar-24 02:54:59 - Unique speakers found in the dataset:
07-Mar-24 02:54:59 - ['F01' 'F03' 'F04' 'FC01' 'FC02' 'FC03' 'M01' 'M02' 'M03' 'M04' 'M05'
 'MC01' 'MC02' 'MC03' 'MC04']

07-Mar-24 02:54:59 - After removal of repeated prompts, the number of data in each dataset is:
07-Mar-24 02:54:59 - Train:       9493/14519 (65%)
07-Mar-24 02:54:59 - Validation:  483/1075 (44%)
07-Mar-24 02:54:59 - Test:        442/800 (55%)

07-Mar-24 02:55:31 - After filtering audio within a certain length, the number of data in each dataset is:
07-Mar-24 02:55:31 - Train:       9376/14519 (64%)
07-Mar-24 02:55:31 - Validation:  460/1075 (42%)
07-Mar-24 02:55:31 - Test:        442/800 (55%)

07-Mar-24 02:55:31 - Start Evaluation
07-Mar-24 02:55:31 - Predicting on the training set...
