07-Mar-24 02:05:36 - Test Speaker: M03
07-Mar-24 02:05:36 - Log File Path: /output/logs/torgo_xlsr_finetune_M03/M03_evaluate_20240307_020536.log

07-Mar-24 02:05:37 - Using GPU: Tesla T4

07-Mar-24 02:05:37 - Loading the model and processor from macarious/torgo_xlsr_finetune_M03
07-Mar-24 02:06:05 - Model loaded from macarious/torgo_xlsr_finetune_M03
07-Mar-24 02:06:06 - Processor loaded from macarious/torgo_xlsr_finetune_M03

07-Mar-24 02:06:07 - Splitting the dataset into training / validation / test sets...
07-Mar-24 02:06:07 - Unique speakers found in the dataset:
07-Mar-24 02:06:07 - ['F01' 'F03' 'F04' 'FC01' 'FC02' 'FC03' 'M01' 'M02' 'M03' 'M04' 'M05'
 'MC01' 'MC02' 'MC03' 'MC04']

07-Mar-24 02:06:07 - After removal of repeated prompts, the number of data in each dataset is:
07-Mar-24 02:06:07 - Train:       9493/14519 (65%)
07-Mar-24 02:06:07 - Validation:  483/1075 (44%)
07-Mar-24 02:06:07 - Test:        442/800 (55%)

07-Mar-24 02:06:43 - After filtering audio within a certain length, the number of data in each dataset is:
07-Mar-24 02:06:43 - Train:       9376/14519 (64%)
07-Mar-24 02:06:43 - Validation:  460/1075 (42%)
07-Mar-24 02:06:43 - Test:        442/800 (55%)

07-Mar-24 02:06:43 - Start Evaluation
07-Mar-24 02:08:29 - Using the latest cached version of the module from /home/hui.mac/.cache/huggingface/modules/evaluate_modules/metrics/evaluate-metric--wer/85bee9e4216a78bb09b2d0d500f6af5c23da58f9210e661add540f5df6630fcd (last modified on Tue Mar  5 23:41:33 2024) since it couldn't be found locally at evaluate-metric--wer, or remotely on the Hugging Face Hub.
07-Mar-24 02:08:29 - Predicting on the training set...
07-Mar-24 02:18:04 - Word Error Rate: 0.013327048337332876
07-Mar-24 02:18:04 - Predictions saved to: /output/results/torgo_xlsr_finetune_M03/M03_predictions_train.csv

07-Mar-24 02:18:04 - Predicting on the validation set...
07-Mar-24 02:18:30 - Word Error Rate: 0.2465986394557823
07-Mar-24 02:18:30 - Predictions saved to: /output/results/torgo_xlsr_finetune_M03/M03_predictions_validation.csv

07-Mar-24 02:18:30 - Predicting on the test set...
07-Mar-24 02:19:01 - Word Error Rate: 0.452991452991453
07-Mar-24 02:19:01 - Predictions saved to: /output/results/torgo_xlsr_finetune_M03/M03_predictions_test.csv

07-Mar-24 02:19:01 - Summary of Word Error Rates saved to /output/results/torgo_xlsr_finetune_M03/M03_wer_summary.csv

07-Mar-24 02:19:01 - End of Script
07-Mar-24 02:19:01 - --------------------------------------------

