11-Mar-24 02:23:55 - Test Speaker: F04
11-Mar-24 02:23:55 - Log File Path: /output/logs/torgo_xlsr_finetune_F04_keep_all/F04_evaluate_20240311_022355.log

11-Mar-24 02:23:56 - Using GPU: Tesla T4

11-Mar-24 02:23:56 - Loading the model and processor from macarious/torgo_xlsr_finetune_F04_keep_all
11-Mar-24 02:24:28 - Model loaded from macarious/torgo_xlsr_finetune_F04_keep_all
11-Mar-24 02:24:29 - Processor loaded from macarious/torgo_xlsr_finetune_F04_keep_all

11-Mar-24 02:24:30 - Splitting the dataset into training / validation / test sets...
11-Mar-24 02:24:30 - Unique speakers found in the dataset:
11-Mar-24 02:24:30 - ['F01' 'F03' 'F04' 'FC01' 'FC02' 'FC03' 'M01' 'M02' 'M03' 'M04' 'M05'
 'MC01' 'MC02' 'MC03' 'MC04']

11-Mar-24 02:24:30 - After removal of repeated prompts, the number of data in each dataset is:
11-Mar-24 02:24:30 - Train:       9551/14652 (65%)
11-Mar-24 02:24:30 - Validation:  483/1075 (44%)
11-Mar-24 02:24:30 - Test:        367/667 (55%)

11-Mar-24 02:25:14 - After filtering audio within a certain length, the number of data in each dataset is:
11-Mar-24 02:25:14 - Train:       9440/14652 (64%)
11-Mar-24 02:25:14 - Validation:  460/1075 (42%)
11-Mar-24 02:25:14 - Test:        363/667 (54%)

11-Mar-24 02:25:14 - Start Evaluation
11-Mar-24 02:25:15 - Predicting on the training set...
11-Mar-24 02:35:22 - Word Error Rate: 0.013259432956725645
11-Mar-24 02:35:22 - Predictions saved to: /output/results/torgo_xlsr_finetune_F04_keep_all/F04_predictions_train.csv

11-Mar-24 02:35:22 - Predicting on the validation set...
11-Mar-24 02:35:50 - Word Error Rate: 0.24404761904761904
11-Mar-24 02:35:50 - Predictions saved to: /output/results/torgo_xlsr_finetune_F04_keep_all/F04_predictions_validation.csv

11-Mar-24 02:35:50 - Predicting on the test set...
11-Mar-24 02:36:17 - Word Error Rate: 0.044633368756641874
11-Mar-24 02:36:17 - Predictions saved to: /output/results/torgo_xlsr_finetune_F04_keep_all/F04_predictions_test.csv

11-Mar-24 02:36:17 - Summary of Word Error Rates saved to /output/results/torgo_xlsr_finetune_F04_keep_all/F04_wer_summary.csv

11-Mar-24 02:36:17 - End of Script
11-Mar-24 02:36:17 - --------------------------------------------

