06-Mar-24 01:12:00 - Test Speaker: M05
06-Mar-24 01:12:00 - Log File Path: /output/logs/torgo_xlsr_finetune_M05/M05_train_20240306_011200.log

06-Mar-24 01:12:01 - Using GPU: Tesla V100-SXM2-32GB

06-Mar-24 01:12:01 - Splitting the dataset into training / validation / test sets...
06-Mar-24 01:12:01 - Unique speakers found in the dataset:
06-Mar-24 01:12:01 - ['F01' 'F03' 'F04' 'FC01' 'FC02' 'FC03' 'M01' 'M02' 'M03' 'M04' 'M05'
 'MC01' 'MC02' 'MC03' 'MC04']

06-Mar-24 01:12:02 - After removal of repeated prompts, the number of data in each dataset is:
06-Mar-24 01:12:02 - Train:       9594/14746 (65%)
06-Mar-24 01:12:02 - Validation:  483/1075 (44%)
06-Mar-24 01:12:02 - Test:        316/573 (55%)

06-Mar-24 01:12:03 - Vocab Dictionary:
06-Mar-24 01:12:03 - {'[PAD]': 0, '<s>': 1, '</s>': 2, '[UNK]': 3, "'": 4, 'a': 5, 'b': 6, 'c': 7, 'd': 8, 'e': 9, 'f': 10, 'g': 11, 'h': 12, 'i': 13, 'j': 14, 'k': 15, 'l': 16, 'm': 17, 'n': 18, 'o': 19, 'p': 20, 'q': 21, 'r': 22, 's': 23, 't': 24, 'u': 25, 'v': 26, 'w': 27, 'x': 28, 'y': 29, 'z': 30, '|': 31}

06-Mar-24 01:12:41 - After filtering audio within a certain length, the number of data in each dataset is:
06-Mar-24 01:12:41 - Train:       9502/14746 (64%)
06-Mar-24 01:12:41 - Validation:  460/1075 (42%)
06-Mar-24 01:12:41 - Test:        278/573 (48%)

06-Mar-24 01:12:47 - Cloning https://huggingface.co/macarious/torgo_xlsr_finetune_M05 into local empty directory.
06-Mar-24 01:12:53 - Start Training
06-Mar-24 01:12:53 - Training Arguments:
06-Mar-24 01:12:53 - {'Training Epochs': 20, 'Training Batch Size': 4, 'Evaluation Batch Size': 4, 'Learning Rate': 0.0001, 'Weight Decay': 0.005}
06-Mar-24 01:12:53 - No checkpoint found in the repository. Training from scratch.
