06-Mar-24 10:18:43 - Test Speaker: F01
06-Mar-24 10:18:43 - Log File Path: /output/logs/torgo_xlsr_finetune_F01/F01_evaluate_20240306_101843.log

06-Mar-24 10:18:43 - Using GPU: Tesla T4

06-Mar-24 10:18:43 - Loading the model and processor from macarious/torgo_xlsr_finetune_F01
06-Mar-24 10:19:17 - Model loaded from macarious/torgo_xlsr_finetune_F01
06-Mar-24 10:19:18 - Processor loaded from macarious/torgo_xlsr_finetune_F01

06-Mar-24 10:19:18 - Splitting the dataset into training / validation / test sets...
06-Mar-24 10:19:18 - Unique speakers found in the dataset:
06-Mar-24 10:19:18 - ['F01' 'F03' 'F04' 'FC01' 'FC02' 'FC03' 'M01' 'M02' 'M03' 'M04' 'M05'
 'MC01' 'MC02' 'MC03' 'MC04']

06-Mar-24 10:19:19 - After removal of repeated prompts, the number of data in each dataset is:
06-Mar-24 10:19:19 - Train:       9749/15091 (64%)
06-Mar-24 10:19:19 - Validation:  483/1075 (44%)
06-Mar-24 10:19:19 - Test:        126/228 (55%)

06-Mar-24 10:19:57 - After filtering audio within a certain length, the number of data in each dataset is:
06-Mar-24 10:19:57 - Train:       9638/15091 (63%)
06-Mar-24 10:19:57 - Validation:  460/1075 (42%)
06-Mar-24 10:19:57 - Test:        115/228 (50%)

06-Mar-24 10:19:57 - Start Evaluation
06-Mar-24 10:19:58 - Predicting on the training set...
06-Mar-24 10:30:35 - Word Error Rate: 0.012018027040560842
06-Mar-24 10:30:35 - Predictions saved to: /output/results/torgo_xlsr_finetune_F01/F01_predictions_train.csv

06-Mar-24 10:30:35 - Predicting on the validation set...
06-Mar-24 10:31:03 - Word Error Rate: 0.25170068027210885
06-Mar-24 10:31:03 - Predictions saved to: /output/results/torgo_xlsr_finetune_F01/F01_predictions_validation.csv

06-Mar-24 10:31:03 - Predicting on the test set...
06-Mar-24 10:31:10 - Word Error Rate: 0.8
06-Mar-24 10:31:10 - Predictions saved to: /output/results/torgo_xlsr_finetune_F01/F01_predictions_test.csv

06-Mar-24 10:31:10 - Summary of Word Error Rates saved to /output/results/torgo_xlsr_finetune_F01/F01_wer_summary.csv

06-Mar-24 10:31:10 - End of Script
06-Mar-24 10:31:10 - --------------------------------------------

