04-Mar-24 22:00:25 - Test Speaker: F01
04-Mar-24 22:00:25 - Log File Path: /output/logs/torgo_xlsr_finetune_F01/F01_train_20240304_220025.log

04-Mar-24 22:00:26 - Using GPU: Tesla T4

04-Mar-24 22:00:26 - Splitting the dataset into training / validation / test sets...
04-Mar-24 22:00:26 - Unique speakers found in the dataset:
04-Mar-24 22:00:26 - ['F01' 'F03' 'F04' 'FC01' 'FC02' 'FC03' 'M01' 'M02' 'M03' 'M04' 'M05'
 'MC01' 'MC02' 'MC03' 'MC04']

04-Mar-24 22:00:27 - After removal of repeated prompts, the number of data in each dataset is:
04-Mar-24 22:00:27 - Train:       9462/15091 (62%)
04-Mar-24 22:00:27 - Validation:  614/1075 (57%)
04-Mar-24 22:00:27 - Test:        62/228 (27%)

04-Mar-24 22:00:30 - Vocab Dictionary:
04-Mar-24 22:00:30 - {'[PAD]': 0, '<s>': 1, '</s>': 2, '[UNK]': 3, "'": 4, 'a': 5, 'b': 6, 'c': 7, 'd': 8, 'e': 9, 'f': 10, 'g': 11, 'h': 12, 'i': 13, 'j': 14, 'k': 15, 'l': 16, 'm': 17, 'n': 18, 'o': 19, 'p': 20, 'q': 21, 'r': 22, 's': 23, 't': 24, 'u': 25, 'v': 26, 'w': 27, 'x': 28, 'y': 29, 'z': 30, '|': 31}

04-Mar-24 22:04:08 - After filtering audio within a certain length, the number of data in each dataset is:
04-Mar-24 22:04:08 - Train:       9314/15091 (61%)
04-Mar-24 22:04:08 - Validation:  596/1075 (55%)
04-Mar-24 22:04:08 - Test:        59/228 (25%)

04-Mar-24 22:04:29 - /output/model/torgo_xlsr_finetune_F01 is already a clone of https://huggingface.co/macarious/torgo_xlsr_finetune_F01. Make sure you pull the latest changes with `repo.git_pull()`.
04-Mar-24 22:04:32 - Start Training
04-Mar-24 22:04:32 - Training Arguments:
04-Mar-24 22:04:32 - {'Training Epochs': 20, 'Training Batch Size': 4, 'Evaluation Batch Size': 4, 'Learning Rate': 0.0001, 'Weight Decay': 0.005}
04-Mar-24 22:04:32 - Checkpoint found in the repository. Checkpoint files found: ['checkpoint-32000', 'checkpoint-32500', 'checkpoint-33000']
04-Mar-24 22:04:32 - Resuming from checkpoint: /output/model/torgo_xlsr_finetune_F01/checkpoint-33000

04-Mar-24 22:11:44 - Training completed in 0:07:12.755593

04-Mar-24 22:11:44 - Training Log Metrics:
04-Mar-24 22:11:44 - {'epoch': 0.3, 'learning_rate': 5e-05, 'loss': 25.4858, 'step': 500}
04-Mar-24 22:11:44 - {'epoch': 0.6, 'learning_rate': 0.0001, 'loss': 3.5402, 'step': 1000}
04-Mar-24 22:11:44 - {'epoch': 0.6, 'eval_loss': 3.337984323501587, 'eval_runtime': 53.6088, 'eval_samples_per_second': 17.031, 'eval_steps_per_second': 4.272, 'eval_wer': 1.0, 'step': 1000}
04-Mar-24 22:11:44 - {'epoch': 0.9, 'learning_rate': 9.845869297163995e-05, 'loss': 3.3045, 'step': 1500}
04-Mar-24 22:11:44 - {'epoch': 1.2, 'learning_rate': 9.69173859432799e-05, 'loss': 2.2307, 'step': 2000}
04-Mar-24 22:11:44 - {'epoch': 1.2, 'eval_loss': 1.839633822441101, 'eval_runtime': 53.5742, 'eval_samples_per_second': 17.042, 'eval_steps_per_second': 4.274, 'eval_wer': 0.89587852494577, 'step': 2000}
04-Mar-24 22:11:44 - {'epoch': 1.5, 'learning_rate': 9.537607891491985e-05, 'loss': 1.3392, 'step': 2500}
04-Mar-24 22:11:44 - {'epoch': 1.79, 'learning_rate': 9.38347718865598e-05, 'loss': 1.0275, 'step': 3000}
04-Mar-24 22:11:44 - {'epoch': 1.79, 'eval_loss': 1.5920275449752808, 'eval_runtime': 53.7427, 'eval_samples_per_second': 16.988, 'eval_steps_per_second': 4.261, 'eval_wer': 0.6563991323210412, 'step': 3000}
04-Mar-24 22:11:44 - {'epoch': 2.09, 'learning_rate': 9.229346485819976e-05, 'loss': 0.891, 'step': 3500}
04-Mar-24 22:11:44 - {'epoch': 2.39, 'learning_rate': 9.075215782983971e-05, 'loss': 0.7496, 'step': 4000}
04-Mar-24 22:11:44 - {'epoch': 2.39, 'eval_loss': 1.6012059450149536, 'eval_runtime': 53.5633, 'eval_samples_per_second': 17.045, 'eval_steps_per_second': 4.275, 'eval_wer': 0.5639913232104121, 'step': 4000}
04-Mar-24 22:11:44 - {'epoch': 2.69, 'learning_rate': 8.921085080147966e-05, 'loss': 0.6804, 'step': 4500}
04-Mar-24 22:11:44 - {'epoch': 2.99, 'learning_rate': 8.766954377311961e-05, 'loss': 0.6224, 'step': 5000}
04-Mar-24 22:11:44 - {'epoch': 2.99, 'eval_loss': 1.3718472719192505, 'eval_runtime': 53.5304, 'eval_samples_per_second': 17.056, 'eval_steps_per_second': 4.278, 'eval_wer': 0.49023861171366595, 'step': 5000}
04-Mar-24 22:11:44 - {'epoch': 3.29, 'learning_rate': 8.612823674475957e-05, 'loss': 0.558, 'step': 5500}
04-Mar-24 22:11:44 - {'epoch': 3.59, 'learning_rate': 8.458692971639951e-05, 'loss': 0.5017, 'step': 6000}
04-Mar-24 22:11:44 - {'epoch': 3.59, 'eval_loss': 1.802535057067871, 'eval_runtime': 53.5789, 'eval_samples_per_second': 17.04, 'eval_steps_per_second': 4.274, 'eval_wer': 0.49023861171366595, 'step': 6000}
04-Mar-24 22:11:44 - {'epoch': 3.89, 'learning_rate': 8.304562268803947e-05, 'loss': 0.5104, 'step': 6500}
04-Mar-24 22:11:44 - {'epoch': 4.19, 'learning_rate': 8.150431565967941e-05, 'loss': 0.4519, 'step': 7000}
04-Mar-24 22:11:44 - {'epoch': 4.19, 'eval_loss': 1.4429622888565063, 'eval_runtime': 53.6095, 'eval_samples_per_second': 17.031, 'eval_steps_per_second': 4.272, 'eval_wer': 0.4017353579175705, 'step': 7000}
04-Mar-24 22:11:44 - {'epoch': 4.49, 'learning_rate': 7.996300863131935e-05, 'loss': 0.4711, 'step': 7500}
04-Mar-24 22:11:44 - {'epoch': 4.78, 'learning_rate': 7.842170160295932e-05, 'loss': 0.4049, 'step': 8000}
04-Mar-24 22:11:44 - {'epoch': 4.78, 'eval_loss': 1.6817344427108765, 'eval_runtime': 54.1236, 'eval_samples_per_second': 16.869, 'eval_steps_per_second': 4.231, 'eval_wer': 0.37483731019522776, 'step': 8000}
04-Mar-24 22:11:44 - {'epoch': 5.08, 'learning_rate': 7.688039457459927e-05, 'loss': 0.405, 'step': 8500}
04-Mar-24 22:11:44 - {'epoch': 5.38, 'learning_rate': 7.533908754623921e-05, 'loss': 0.3936, 'step': 9000}
04-Mar-24 22:11:44 - {'epoch': 5.38, 'eval_loss': 1.549902319908142, 'eval_runtime': 53.6543, 'eval_samples_per_second': 17.016, 'eval_steps_per_second': 4.268, 'eval_wer': 0.406941431670282, 'step': 9000}
04-Mar-24 22:11:44 - {'epoch': 5.68, 'learning_rate': 7.379778051787917e-05, 'loss': 0.3578, 'step': 9500}
04-Mar-24 22:11:44 - {'epoch': 5.98, 'learning_rate': 7.225647348951911e-05, 'loss': 0.384, 'step': 10000}
04-Mar-24 22:11:44 - {'epoch': 5.98, 'eval_loss': 1.3838695287704468, 'eval_runtime': 53.5938, 'eval_samples_per_second': 17.036, 'eval_steps_per_second': 4.273, 'eval_wer': 0.3488069414316703, 'step': 10000}
04-Mar-24 22:11:44 - {'epoch': 6.28, 'learning_rate': 7.071516646115907e-05, 'loss': 0.3339, 'step': 10500}
04-Mar-24 22:11:44 - {'epoch': 6.58, 'learning_rate': 6.917385943279901e-05, 'loss': 0.3331, 'step': 11000}
04-Mar-24 22:11:44 - {'epoch': 6.58, 'eval_loss': 1.4814790487289429, 'eval_runtime': 53.611, 'eval_samples_per_second': 17.03, 'eval_steps_per_second': 4.272, 'eval_wer': 0.3613882863340564, 'step': 11000}
04-Mar-24 22:11:44 - {'epoch': 6.88, 'learning_rate': 6.763255240443897e-05, 'loss': 0.3469, 'step': 11500}
04-Mar-24 22:11:44 - {'epoch': 7.18, 'learning_rate': 6.609124537607891e-05, 'loss': 0.3168, 'step': 12000}
04-Mar-24 22:11:44 - {'epoch': 7.18, 'eval_loss': 1.635879397392273, 'eval_runtime': 53.7939, 'eval_samples_per_second': 16.972, 'eval_steps_per_second': 4.257, 'eval_wer': 0.36355748373101954, 'step': 12000}
04-Mar-24 22:11:44 - {'epoch': 7.48, 'learning_rate': 6.454993834771886e-05, 'loss': 0.2884, 'step': 12500}
04-Mar-24 22:11:44 - {'epoch': 7.78, 'learning_rate': 6.300863131935883e-05, 'loss': 0.3262, 'step': 13000}
04-Mar-24 22:11:44 - {'epoch': 7.78, 'eval_loss': 1.4287165403366089, 'eval_runtime': 54.4599, 'eval_samples_per_second': 16.765, 'eval_steps_per_second': 4.205, 'eval_wer': 0.3540130151843818, 'step': 13000}
04-Mar-24 22:11:44 - {'epoch': 8.07, 'learning_rate': 6.146732429099877e-05, 'loss': 0.2843, 'step': 13500}
04-Mar-24 22:11:44 - {'epoch': 8.37, 'learning_rate': 5.992601726263872e-05, 'loss': 0.2877, 'step': 14000}
04-Mar-24 22:11:44 - {'epoch': 8.37, 'eval_loss': 1.3444899320602417, 'eval_runtime': 54.5511, 'eval_samples_per_second': 16.737, 'eval_steps_per_second': 4.198, 'eval_wer': 0.31323210412147506, 'step': 14000}
04-Mar-24 22:11:44 - {'epoch': 8.67, 'learning_rate': 5.838471023427867e-05, 'loss': 0.2668, 'step': 14500}
04-Mar-24 22:11:44 - {'epoch': 8.97, 'learning_rate': 5.684340320591862e-05, 'loss': 0.2684, 'step': 15000}
04-Mar-24 22:11:44 - {'epoch': 8.97, 'eval_loss': 1.2777756452560425, 'eval_runtime': 54.5583, 'eval_samples_per_second': 16.734, 'eval_steps_per_second': 4.197, 'eval_wer': 0.2911062906724512, 'step': 15000}
04-Mar-24 22:11:44 - {'epoch': 9.27, 'learning_rate': 5.530209617755857e-05, 'loss': 0.269, 'step': 15500}
04-Mar-24 22:11:44 - {'epoch': 9.57, 'learning_rate': 5.376078914919852e-05, 'loss': 0.2306, 'step': 16000}
04-Mar-24 22:11:44 - {'epoch': 9.57, 'eval_loss': 1.5658469200134277, 'eval_runtime': 54.6604, 'eval_samples_per_second': 16.703, 'eval_steps_per_second': 4.19, 'eval_wer': 0.30325379609544467, 'step': 16000}
04-Mar-24 22:11:44 - {'epoch': 9.87, 'learning_rate': 5.221948212083847e-05, 'loss': 0.2483, 'step': 16500}
04-Mar-24 22:11:44 - {'epoch': 10.17, 'learning_rate': 5.067817509247842e-05, 'loss': 0.2215, 'step': 17000}
04-Mar-24 22:11:44 - {'epoch': 10.17, 'eval_loss': 1.6831194162368774, 'eval_runtime': 54.6328, 'eval_samples_per_second': 16.712, 'eval_steps_per_second': 4.192, 'eval_wer': 0.29587852494577005, 'step': 17000}
04-Mar-24 22:11:44 - {'epoch': 10.47, 'learning_rate': 4.9136868064118374e-05, 'loss': 0.2321, 'step': 17500}
04-Mar-24 22:11:44 - {'epoch': 10.77, 'learning_rate': 4.7595561035758325e-05, 'loss': 0.2381, 'step': 18000}
04-Mar-24 22:11:44 - {'epoch': 10.77, 'eval_loss': 1.493046760559082, 'eval_runtime': 53.6344, 'eval_samples_per_second': 17.023, 'eval_steps_per_second': 4.27, 'eval_wer': 0.279826464208243, 'step': 18000}
04-Mar-24 22:11:44 - {'epoch': 11.06, 'learning_rate': 4.605425400739828e-05, 'loss': 0.2346, 'step': 18500}
04-Mar-24 22:11:44 - {'epoch': 11.36, 'learning_rate': 4.4512946979038226e-05, 'loss': 0.2237, 'step': 19000}
04-Mar-24 22:11:44 - {'epoch': 11.36, 'eval_loss': 1.4209849834442139, 'eval_runtime': 53.5625, 'eval_samples_per_second': 17.046, 'eval_steps_per_second': 4.275, 'eval_wer': 0.2984815618221258, 'step': 19000}
04-Mar-24 22:11:44 - {'epoch': 11.66, 'learning_rate': 4.2971639950678176e-05, 'loss': 0.2114, 'step': 19500}
04-Mar-24 22:11:44 - {'epoch': 11.96, 'learning_rate': 4.1430332922318126e-05, 'loss': 0.2227, 'step': 20000}
04-Mar-24 22:11:44 - {'epoch': 11.96, 'eval_loss': 1.5231069326400757, 'eval_runtime': 53.9174, 'eval_samples_per_second': 16.933, 'eval_steps_per_second': 4.247, 'eval_wer': 0.2950108459869848, 'step': 20000}
04-Mar-24 22:11:44 - {'epoch': 12.26, 'learning_rate': 3.988902589395808e-05, 'loss': 0.1828, 'step': 20500}
04-Mar-24 22:11:44 - {'epoch': 12.56, 'learning_rate': 3.8347718865598034e-05, 'loss': 0.1965, 'step': 21000}
04-Mar-24 22:11:44 - {'epoch': 12.56, 'eval_loss': 1.510118842124939, 'eval_runtime': 53.1113, 'eval_samples_per_second': 17.19, 'eval_steps_per_second': 4.312, 'eval_wer': 0.27765726681127983, 'step': 21000}
04-Mar-24 22:11:44 - {'epoch': 12.86, 'learning_rate': 3.680641183723798e-05, 'loss': 0.2013, 'step': 21500}
04-Mar-24 22:11:44 - {'epoch': 13.16, 'learning_rate': 3.526510480887793e-05, 'loss': 0.187, 'step': 22000}
04-Mar-24 22:11:44 - {'epoch': 13.16, 'eval_loss': 1.656980037689209, 'eval_runtime': 53.2004, 'eval_samples_per_second': 17.162, 'eval_steps_per_second': 4.304, 'eval_wer': 0.2997830802603037, 'step': 22000}
04-Mar-24 22:11:44 - {'epoch': 13.46, 'learning_rate': 3.372379778051788e-05, 'loss': 0.196, 'step': 22500}
04-Mar-24 22:11:44 - {'epoch': 13.76, 'learning_rate': 3.218249075215783e-05, 'loss': 0.1974, 'step': 23000}
04-Mar-24 22:11:44 - {'epoch': 13.76, 'eval_loss': 1.4534392356872559, 'eval_runtime': 52.9771, 'eval_samples_per_second': 17.234, 'eval_steps_per_second': 4.323, 'eval_wer': 0.2772234273318872, 'step': 23000}
04-Mar-24 22:11:44 - {'epoch': 14.06, 'learning_rate': 3.0641183723797786e-05, 'loss': 0.1961, 'step': 23500}
04-Mar-24 22:11:44 - {'epoch': 14.35, 'learning_rate': 2.9099876695437733e-05, 'loss': 0.1816, 'step': 24000}
04-Mar-24 22:11:44 - {'epoch': 14.35, 'eval_loss': 1.6750636100769043, 'eval_runtime': 52.9964, 'eval_samples_per_second': 17.228, 'eval_steps_per_second': 4.321, 'eval_wer': 0.2754880694143167, 'step': 24000}
04-Mar-24 22:11:44 - {'epoch': 14.65, 'learning_rate': 2.7558569667077683e-05, 'loss': 0.153, 'step': 24500}
04-Mar-24 22:11:44 - {'epoch': 14.95, 'learning_rate': 2.6017262638717634e-05, 'loss': 0.1753, 'step': 25000}
04-Mar-24 22:11:44 - {'epoch': 14.95, 'eval_loss': 1.5616044998168945, 'eval_runtime': 53.0636, 'eval_samples_per_second': 17.206, 'eval_steps_per_second': 4.316, 'eval_wer': 0.27071583514099784, 'step': 25000}
04-Mar-24 22:11:44 - {'epoch': 15.25, 'learning_rate': 2.4475955610357584e-05, 'loss': 0.1634, 'step': 25500}
04-Mar-24 22:11:44 - {'epoch': 15.55, 'learning_rate': 2.2934648581997534e-05, 'loss': 0.1634, 'step': 26000}
04-Mar-24 22:11:44 - {'epoch': 15.55, 'eval_loss': 1.4872853755950928, 'eval_runtime': 53.1623, 'eval_samples_per_second': 17.174, 'eval_steps_per_second': 4.308, 'eval_wer': 0.24685466377440346, 'step': 26000}
04-Mar-24 22:11:44 - {'epoch': 15.85, 'learning_rate': 2.1393341553637485e-05, 'loss': 0.1886, 'step': 26500}
04-Mar-24 22:11:44 - {'epoch': 16.15, 'learning_rate': 1.9852034525277435e-05, 'loss': 0.1405, 'step': 27000}
04-Mar-24 22:11:44 - {'epoch': 16.15, 'eval_loss': 1.6985795497894287, 'eval_runtime': 53.1286, 'eval_samples_per_second': 17.185, 'eval_steps_per_second': 4.31, 'eval_wer': 0.25900216919739694, 'step': 27000}
04-Mar-24 22:11:44 - {'epoch': 16.45, 'learning_rate': 1.831072749691739e-05, 'loss': 0.1642, 'step': 27500}
04-Mar-24 22:11:44 - {'epoch': 16.75, 'learning_rate': 1.6769420468557336e-05, 'loss': 0.1515, 'step': 28000}
04-Mar-24 22:11:44 - {'epoch': 16.75, 'eval_loss': 1.531079888343811, 'eval_runtime': 53.1104, 'eval_samples_per_second': 17.191, 'eval_steps_per_second': 4.312, 'eval_wer': 0.24772234273318872, 'step': 28000}
04-Mar-24 22:11:44 - {'epoch': 17.05, 'learning_rate': 1.522811344019729e-05, 'loss': 0.1409, 'step': 28500}
04-Mar-24 22:11:44 - {'epoch': 17.34, 'learning_rate': 1.3686806411837238e-05, 'loss': 0.1532, 'step': 29000}
04-Mar-24 22:11:44 - {'epoch': 17.34, 'eval_loss': 1.3262017965316772, 'eval_runtime': 53.8063, 'eval_samples_per_second': 16.968, 'eval_steps_per_second': 4.256, 'eval_wer': 0.2403470715835141, 'step': 29000}
04-Mar-24 22:11:44 - {'epoch': 17.64, 'learning_rate': 1.2145499383477189e-05, 'loss': 0.133, 'step': 29500}
04-Mar-24 22:11:44 - {'epoch': 17.94, 'learning_rate': 1.060419235511714e-05, 'loss': 0.1541, 'step': 30000}
04-Mar-24 22:11:44 - {'epoch': 17.94, 'eval_loss': 1.3799238204956055, 'eval_runtime': 53.7453, 'eval_samples_per_second': 16.988, 'eval_steps_per_second': 4.261, 'eval_wer': 0.24772234273318872, 'step': 30000}
04-Mar-24 22:11:44 - {'epoch': 18.24, 'learning_rate': 9.062885326757091e-06, 'loss': 0.1317, 'step': 30500}
04-Mar-24 22:11:44 - {'epoch': 18.54, 'learning_rate': 7.521578298397041e-06, 'loss': 0.1386, 'step': 31000}
04-Mar-24 22:11:44 - {'epoch': 18.54, 'eval_loss': 1.4252229928970337, 'eval_runtime': 53.8629, 'eval_samples_per_second': 16.95, 'eval_steps_per_second': 4.252, 'eval_wer': 0.24078091106290672, 'step': 31000}
04-Mar-24 22:11:44 - {'epoch': 18.84, 'learning_rate': 5.980271270036992e-06, 'loss': 0.1264, 'step': 31500}
04-Mar-24 22:11:44 - {'epoch': 19.14, 'learning_rate': 4.438964241676942e-06, 'loss': 0.1389, 'step': 32000}
04-Mar-24 22:11:44 - {'epoch': 19.14, 'eval_loss': 1.5259556770324707, 'eval_runtime': 53.7995, 'eval_samples_per_second': 16.97, 'eval_steps_per_second': 4.257, 'eval_wer': 0.24338394793926246, 'step': 32000}
04-Mar-24 22:11:44 - {'epoch': 19.44, 'learning_rate': 2.8976572133168927e-06, 'loss': 0.1231, 'step': 32500}
04-Mar-24 22:11:44 - {'epoch': 19.74, 'learning_rate': 1.3563501849568433e-06, 'loss': 0.1164, 'step': 33000}
04-Mar-24 22:11:44 - {'epoch': 19.74, 'eval_loss': 1.5082411766052246, 'eval_runtime': 53.6131, 'eval_samples_per_second': 17.029, 'eval_steps_per_second': 4.271, 'eval_wer': 0.2438177874186551, 'step': 33000}
04-Mar-24 22:11:44 - {'train_runtime': 16.5791, 'train_samples_per_second': 11235.844, 'train_steps_per_second': 1404.179, 'total_flos': 2.2815113286080508e+19, 'train_loss': 0.0, 'epoch': 19.74, 'step': 33000}
04-Mar-24 22:11:44 - Pushing model to Hugging Face...
04-Mar-24 22:13:45 - Several commits (76) will be pushed upstream.
04-Mar-24 22:13:45 - The progress bars may be unreliable.
04-Mar-24 22:13:46 - To https://huggingface.co/macarious/torgo_xlsr_finetune_F01
 ! [rejected]        main -> main (non-fast-forward)
error: failed to push some refs to 'https://huggingface.co/macarious/torgo_xlsr_finetune_F01'
hint: Updates were rejected because the tip of your current branch is behind
hint: its remote counterpart. Integrate the remote changes (e.g.
hint: 'git pull ...') before pushing again.
hint: See the 'Note about fast-forwards' in 'git push --help' for details.

