29-Jan-24 03:28:02 - Test Speaker: M01
29-Jan-24 03:28:02 - Log File Path: /output/logs/M01_evaluate_20240129_032802.log

29-Jan-24 03:28:03 - Using GPU: Tesla T4

29-Jan-24 03:28:03 - Loading the model and processor from macarious/torgo_xlsr_finetune_M01
29-Jan-24 03:28:06 - Model loaded from macarious/torgo_xlsr_finetune_M01
29-Jan-24 03:28:06 - Processor loaded from macarious/torgo_xlsr_finetune_M01

29-Jan-24 03:28:07 - Splitting the dataset into training / validation / test sets
29-Jan-24 03:28:07 - Unique speakers found in the dataset:
29-Jan-24 03:28:07 - ['F01' 'F03' 'F04' 'FC01' 'FC02' 'FC03' 'M01' 'M02' 'M03' 'M04' 'M05'
 'MC01' 'MC02' 'MC03' 'MC04']

29-Jan-24 03:28:07 - After applying the text count threshold of 100, the number of data in each dataset is:
29-Jan-24 03:28:07 - Train:       5546/14580 (38%)
29-Jan-24 03:28:07 - Validation:  313/1075 (29%)
29-Jan-24 03:28:07 - Test:        733/739 (99%)

29-Jan-24 03:28:58 - After filtering audio within a certain length, the number of data in each dataset is:
29-Jan-24 03:28:58 - Train:       5526/14580 (37%)
29-Jan-24 03:28:58 - Validation:  311/1075 (28%)
29-Jan-24 03:28:58 - Test:        703/739 (95%)

29-Jan-24 03:28:58 - Start Evaluation
29-Jan-24 03:28:59 - Predicting on the training set...
