29-Jan-24 06:17:07 - Test Speaker: M01
29-Jan-24 06:17:07 - Number of epochs: 20
29-Jan-24 06:17:07 - Log File Path: /output/logs/M01_train_20240129_061707.log

29-Jan-24 06:17:08 - Using GPU: Tesla T4

29-Jan-24 06:17:08 - Unique speakers found in the dataset:
29-Jan-24 06:17:08 - ['F01' 'F03' 'F04' 'FC01' 'FC02' 'FC03' 'M01' 'M02' 'M03' 'M04' 'M05'
 'MC01' 'MC02' 'MC03' 'MC04']

29-Jan-24 06:17:09 - After applying the text count threshold of 1, the number of data in each dataset is:
29-Jan-24 06:17:09 - Train:       14580/14580 (100%)
29-Jan-24 06:17:09 - Validation:  1075/1075 (100%)
29-Jan-24 06:17:09 - Test:        6/739 (0%)

29-Jan-24 06:17:10 - Vocab Dictionary:
29-Jan-24 06:17:10 - {'[PAD]': 0, '<s>': 1, '</s>': 2, '[UNK]': 3, "'": 4, 'a': 5, 'b': 6, 'c': 7, 'd': 8, 'e': 9, 'f': 10, 'g': 11, 'h': 12, 'i': 13, 'j': 14, 'k': 15, 'l': 16, 'm': 17, 'n': 18, 'o': 19, 'p': 20, 'q': 21, 'r': 22, 's': 23, 't': 24, 'u': 25, 'v': 26, 'w': 27, 'x': 28, 'y': 29, 'z': 30, '|': 31}

29-Jan-24 06:18:27 - After filtering audio within a certain length, the number of data in each dataset is:
29-Jan-24 06:18:27 - Train:       14356/14580 (98%)
29-Jan-24 06:18:27 - Validation:  1017/1075 (94%)
29-Jan-24 06:18:27 - Test:        6/739 (0%)

29-Jan-24 06:18:53 - Cloning https://huggingface.co/macarious/torgo_xlsr_finetune_M01_keep_all into local empty directory.
29-Jan-24 06:18:58 - Start Training
29-Jan-24 06:18:58 - Training Arguments:
29-Jan-24 06:18:58 - {'Training Epochs': 20, 'Training Batch Size': 4, 'Evaluation Batch Size': 4, 'Learning Rate': 0.0001, 'Weight Decay': 0.005}
29-Jan-24 06:18:58 - No checkpoint found in the repository. Training from scratch.
29-Jan-24 06:37:37 - Current Word Error Rate: 1.0
29-Jan-24 06:54:46 - Current Word Error Rate: 0.9969500571864277
29-Jan-24 07:12:03 - Current Word Error Rate: 0.6641250476553565
29-Jan-24 07:29:20 - Current Word Error Rate: 0.5855890202058711
29-Jan-24 07:46:32 - Current Word Error Rate: 0.5062905070529927
29-Jan-24 08:03:44 - Current Word Error Rate: 0.49637819290888296
29-Jan-24 08:21:07 - Current Word Error Rate: 0.416698436904308
29-Jan-24 08:38:28 - Current Word Error Rate: 0.40907357987037746
29-Jan-24 08:55:47 - Current Word Error Rate: 0.35379336637438047
29-Jan-24 09:13:13 - Current Word Error Rate: 0.3861990087685856
29-Jan-24 09:30:34 - Current Word Error Rate: 0.3415935951200915
29-Jan-24 09:47:53 - Current Word Error Rate: 0.3366374380480366
29-Jan-24 10:05:07 - Current Word Error Rate: 0.32215020968356844
29-Jan-24 10:22:34 - Current Word Error Rate: 0.3408311094166984
29-Jan-24 10:39:51 - Current Word Error Rate: 0.32672512390392683
29-Jan-24 10:57:16 - Current Word Error Rate: 0.29736942432329394
29-Jan-24 11:14:40 - Current Word Error Rate: 0.29393823865802515
29-Jan-24 11:32:05 - Current Word Error Rate: 0.30995043842927944
29-Jan-24 11:49:26 - Current Word Error Rate: 0.2977506671749905
29-Jan-24 12:06:52 - Current Word Error Rate: 0.28478841021730844
29-Jan-24 12:24:14 - Current Word Error Rate: 0.3011818528402592
29-Jan-24 12:41:44 - Current Word Error Rate: 0.2798322531452535
29-Jan-24 12:59:08 - Current Word Error Rate: 0.26420129622569577
29-Jan-24 13:16:24 - Current Word Error Rate: 0.2592451391536409
29-Jan-24 13:33:45 - Current Word Error Rate: 0.27373236751810903
29-Jan-24 13:51:08 - Current Word Error Rate: 0.26648875333587496
