29-Jan-24 05:08:21 - Test Speaker: M01
29-Jan-24 05:08:21 - Log File Path: /output/logs/M01_evaluate_20240129_050821.log

29-Jan-24 05:08:22 - Using GPU: Tesla T4

29-Jan-24 05:08:22 - Loading the model and processor from macarious/torgo_xlsr_finetune_M01
29-Jan-24 05:08:30 - Model loaded from macarious/torgo_xlsr_finetune_M01
29-Jan-24 05:08:30 - Processor loaded from macarious/torgo_xlsr_finetune_M01

29-Jan-24 05:08:31 - Splitting the dataset into training / validation / test sets...
29-Jan-24 05:08:31 - Unique speakers found in the dataset:
29-Jan-24 05:08:31 - ['F01' 'F03' 'F04' 'FC01' 'FC02' 'FC03' 'M01' 'M02' 'M03' 'M04' 'M05'
 'MC01' 'MC02' 'MC03' 'MC04']

29-Jan-24 05:08:31 - After applying the text count threshold of 100, the number of data in each dataset is:
29-Jan-24 05:08:31 - Train:       5546/14580 (38%)
29-Jan-24 05:08:31 - Validation:  313/1075 (29%)
29-Jan-24 05:08:31 - Test:        733/739 (99%)

29-Jan-24 05:09:22 - After filtering audio within a certain length, the number of data in each dataset is:
29-Jan-24 05:09:22 - Train:       5526/14580 (37%)
29-Jan-24 05:09:22 - Validation:  311/1075 (28%)
29-Jan-24 05:09:22 - Test:        703/739 (95%)

29-Jan-24 05:09:22 - Start Evaluation
29-Jan-24 05:09:23 - Predicting on the training set...
29-Jan-24 05:15:16 - Word Error Rate: 0.009274243744553715
29-Jan-24 05:15:16 - Predictions saved to: /output/results/torgo_xlsr_finetune_M01/M01_predictions_train.csv

29-Jan-24 05:15:16 - Predicting on the validation set...
29-Jan-24 05:15:36 - Word Error Rate: 0.30583058305830585
29-Jan-24 05:15:36 - Predictions saved to: /output/results/torgo_xlsr_finetune_M01/M01_predictions_validation.csv

29-Jan-24 05:15:36 - Predicting on the test set...
29-Jan-24 05:16:31 - Word Error Rate: 0.8050682261208577
29-Jan-24 05:16:31 - Predictions saved to: /output/results/torgo_xlsr_finetune_M01/M01_predictions_test.csv

29-Jan-24 05:16:31 - Summary of Word Error Rates saved to /output/results/torgo_xlsr_finetune_M01/M01_wer_summary.csv

29-Jan-24 05:16:31 - End of Script
29-Jan-24 05:16:31 - --------------------------------------------

