29-Jan-24 05:29:24 - Test Speaker: M01
29-Jan-24 05:29:24 - Log File Path: /output/logs/M01_evaluate_20240129_052924.log

29-Jan-24 05:29:24 - Keep All Text Mode: True
29-Jan-24 05:29:24 - Using GPU: Tesla T4

29-Jan-24 05:29:24 - Loading the model and processor from macarious/torgo_xlsr_finetune_M01
29-Jan-24 05:29:28 - Model loaded from macarious/torgo_xlsr_finetune_M01
29-Jan-24 05:29:28 - Processor loaded from macarious/torgo_xlsr_finetune_M01

29-Jan-24 05:29:29 - Splitting the dataset into training / validation / test sets...
29-Jan-24 05:29:29 - Unique speakers found in the dataset:
29-Jan-24 05:29:29 - ['F01' 'F03' 'F04' 'FC01' 'FC02' 'FC03' 'M01' 'M02' 'M03' 'M04' 'M05'
 'MC01' 'MC02' 'MC03' 'MC04']

29-Jan-24 05:30:31 - After filtering audio within a certain length, the number of data in each dataset is:
29-Jan-24 05:30:31 - Train:       14356/0 (0%)
29-Jan-24 05:30:31 - Validation:  1017/0 (0%)
29-Jan-24 05:30:31 - Test:        709/0 (0%)

29-Jan-24 05:30:31 - Start Evaluation
29-Jan-24 05:30:32 - Predicting on the training set...
29-Jan-24 05:46:22 - Word Error Rate: 0.21216495428943422
29-Jan-24 05:46:22 - Predictions saved to: /output/results/torgo_xlsr_finetune_M01_include_repeated_text/M01_predictions_train.csv

29-Jan-24 05:46:22 - Predicting on the validation set...
29-Jan-24 05:47:27 - Word Error Rate: 0.47919053073692247
29-Jan-24 05:47:27 - Predictions saved to: /output/results/torgo_xlsr_finetune_M01_include_repeated_text/M01_predictions_validation.csv

29-Jan-24 05:47:27 - Predicting on the test set...
29-Jan-24 05:48:23 - Word Error Rate: 0.8038834951456311
29-Jan-24 05:48:23 - Predictions saved to: /output/results/torgo_xlsr_finetune_M01_include_repeated_text/M01_predictions_test.csv

29-Jan-24 05:48:23 - Summary of Word Error Rates saved to /output/results/torgo_xlsr_finetune_M01_include_repeated_text/M01_wer_summary.csv

29-Jan-24 05:48:23 - End of Script
29-Jan-24 05:48:23 - --------------------------------------------

