29-Jan-24 05:55:38 - Test Speaker: M01
29-Jan-24 05:55:38 - Log File Path: /output/logs/M01_evaluate_20240129_055538.log

29-Jan-24 05:55:39 - Using GPU: Tesla T4

29-Jan-24 05:55:39 - Loading the model and processor from macarious/torgo_xlsr_finetune_M01
29-Jan-24 05:55:58 - Model loaded from macarious/torgo_xlsr_finetune_M01
29-Jan-24 05:55:59 - Processor loaded from macarious/torgo_xlsr_finetune_M01

29-Jan-24 05:56:00 - Splitting the dataset into training / validation / test sets...
29-Jan-24 05:56:00 - Unique speakers found in the dataset:
29-Jan-24 05:56:00 - ['F01' 'F03' 'F04' 'FC01' 'FC02' 'FC03' 'M01' 'M02' 'M03' 'M04' 'M05'
 'MC01' 'MC02' 'MC03' 'MC04']

29-Jan-24 05:56:00 - After applying the text count threshold of 1, the number of data in each dataset is:
29-Jan-24 05:56:00 - Train:       14580/14580 (100%)
29-Jan-24 05:56:00 - Validation:  1075/1075 (100%)
29-Jan-24 05:56:00 - Test:        6/739 (0%)

29-Jan-24 05:57:12 - After filtering audio within a certain length, the number of data in each dataset is:
29-Jan-24 05:57:12 - Train:       14356/14580 (98%)
29-Jan-24 05:57:12 - Validation:  1017/1075 (94%)
29-Jan-24 05:57:12 - Test:        6/739 (0%)

29-Jan-24 05:57:12 - Start Evaluation
29-Jan-24 05:57:13 - Predicting on the training set...
