29-Jan-24 03:00:09 - Test Speaker: M01
29-Jan-24 03:00:09 - Log File Path: /output/logs/M01_evaluate_20240129_030009.log

29-Jan-24 03:00:10 - Using GPU: Tesla T4

29-Jan-24 03:00:10 - Loading the model and processor from macarious/torgo_xlsr_finetune_M01
29-Jan-24 03:00:13 - Model loaded from macarious/torgo_xlsr_finetune_M01
29-Jan-24 03:00:13 - Processor loaded from macarious/torgo_xlsr_finetune_M01

29-Jan-24 03:00:14 - Unique speakers found in the dataset:
29-Jan-24 03:00:14 - ['F01' 'F03' 'F04' 'FC01' 'FC02' 'FC03' 'M01' 'M02' 'M03' 'M04' 'M05'
 'MC01' 'MC02' 'MC03' 'MC04']

29-Jan-24 03:00:15 - After applying the text count threshold of 150, the number of data in each dataset is:
29-Jan-24 03:00:15 - Train:       5456/14580 (37%)
29-Jan-24 03:00:15 - Validation:  303/1075 (28%)
29-Jan-24 03:00:15 - Test:        739/739 (100%)

29-Jan-24 03:00:48 - After filtering audio within a certain length, the number of data in each dataset is:
29-Jan-24 03:00:48 - Train:       5436/14580 (37%)
29-Jan-24 03:00:48 - Validation:  301/1075 (28%)
29-Jan-24 03:00:48 - Test:        709/739 (95%)

29-Jan-24 03:00:48 - Start Evaluation
29-Jan-24 03:00:49 - Predicting on the training set...
29-Jan-24 03:06:38 - Word Error Rate: 1.0028167250876314
29-Jan-24 03:06:38 - Predictions saved to: /output/results/torgo_xlsr_finetune_M01/M01_predictions_train.csv

29-Jan-24 03:06:38 - Predicting on the validation set...
29-Jan-24 03:06:57 - Word Error Rate: 1.0144605116796441
29-Jan-24 03:06:57 - Predictions saved to: /output/results/torgo_xlsr_finetune_M01/M01_predictions_validation.csv

29-Jan-24 03:06:57 - Predicting on the test set...
29-Jan-24 03:07:53 - Word Error Rate: 1.0103559870550163
29-Jan-24 03:07:53 - Predictions saved to: /output/results/torgo_xlsr_finetune_M01/M01_predictions_test.csv

29-Jan-24 03:07:53 - Summary of Word Error Rates saved to /output/results/torgo_xlsr_finetune_M01/M01_wer_summary.csv

29-Jan-24 03:07:53 - End of Script
29-Jan-24 03:07:53 - --------------------------------------------

