28-Jan-24 20:06:18 - Test Speaker: M01
28-Jan-24 20:06:18 - Log File Path: /output/logs/M01_evaluate_20240128_200618.log

28-Jan-24 20:06:18 - Keep All Text Mode: True
28-Jan-24 20:06:18 - Using GPU: Tesla T4

28-Jan-24 20:06:18 - Loading the model and processor from macarious/torgo_xlsr_finetune_M01
28-Jan-24 20:06:22 - Model loaded from macarious/torgo_xlsr_finetune_M01
28-Jan-24 20:06:22 - Processor loaded from macarious/torgo_xlsr_finetune_M01

28-Jan-24 20:06:22 - Unique speakers found in the dataset:
28-Jan-24 20:06:22 - ['F01' 'F03' 'F04' 'FC01' 'FC02' 'FC03' 'M01' 'M02' 'M03' 'M04' 'M05'
 'MC01' 'MC02' 'MC03' 'MC04']

28-Jan-24 20:06:22 - After applying the text count threshold of 40, the number of data in each dataset is:
28-Jan-24 20:06:22 - Train:       14580/14580 (100%)
28-Jan-24 20:06:22 - Validation:  1075/1075 (100%)
28-Jan-24 20:06:22 - Test:        739/739 (100%)

28-Jan-24 20:07:34 - After filtering audio within a certain length, the number of data in each dataset is:
28-Jan-24 20:07:34 - Train:       14356/14580 (98%)
28-Jan-24 20:07:34 - Validation:  1017/1075 (94%)
28-Jan-24 20:07:34 - Test:        709/739 (95%)

28-Jan-24 20:07:34 - Start Evaluation
28-Jan-24 20:07:39 - Predicting on the training set...
28-Jan-24 20:24:04 - Word Error Rate: 1.009481758229317
28-Jan-24 20:24:04 - Predictions saved to: /output/results/torgo_xlsr_finetune_M01/M01_predictions_train.csv

28-Jan-24 20:24:04 - Predicting on the validation set...
28-Jan-24 20:25:12 - Word Error Rate: 1.0217640320733103
28-Jan-24 20:25:12 - Predictions saved to: /output/results/torgo_xlsr_finetune_M01/M01_predictions_validation.csv

28-Jan-24 20:25:12 - Predicting on the test set...
28-Jan-24 20:26:12 - Word Error Rate: 1.0103559870550163
28-Jan-24 20:26:12 - Predictions saved to: /output/results/torgo_xlsr_finetune_M01/M01_predictions_test.csv

28-Jan-24 20:26:12 - Summary of Word Error Rates saved to /output/results/torgo_xlsr_finetune_M01/M01_wer_summary.csv

28-Jan-24 20:26:12 - End of Script
28-Jan-24 20:26:12 - --------------------------------------------

