29-Jan-24 05:59:42 - Test Speaker: M01
29-Jan-24 05:59:42 - Number of epochs: 20
29-Jan-24 05:59:42 - Log File Path: /output/logs/M01_train_20240129_055942.log

29-Jan-24 05:59:43 - Using GPU: Tesla T4

29-Jan-24 05:59:43 - Unique speakers found in the dataset:
29-Jan-24 05:59:43 - ['F01' 'F03' 'F04' 'FC01' 'FC02' 'FC03' 'M01' 'M02' 'M03' 'M04' 'M05'
 'MC01' 'MC02' 'MC03' 'MC04']

29-Jan-24 05:59:43 - After applying the text count threshold of 1, the number of data in each dataset is:
29-Jan-24 05:59:43 - Train:       14580/14580 (100%)
29-Jan-24 05:59:43 - Validation:  1075/1075 (100%)
29-Jan-24 05:59:43 - Test:        6/739 (0%)

29-Jan-24 05:59:44 - Vocab Dictionary:
29-Jan-24 05:59:44 - {'[PAD]': 0, '<s>': 1, '</s>': 2, '[UNK]': 3, "'": 4, 'a': 5, 'b': 6, 'c': 7, 'd': 8, 'e': 9, 'f': 10, 'g': 11, 'h': 12, 'i': 13, 'j': 14, 'k': 15, 'l': 16, 'm': 17, 'n': 18, 'o': 19, 'p': 20, 'q': 21, 'r': 22, 's': 23, 't': 24, 'u': 25, 'v': 26, 'w': 27, 'x': 28, 'y': 29, 'z': 30, '|': 31}

29-Jan-24 06:00:30 - After filtering audio within a certain length, the number of data in each dataset is:
29-Jan-24 06:00:30 - Train:       14356/14580 (98%)
29-Jan-24 06:00:30 - Validation:  1017/1075 (94%)
29-Jan-24 06:00:30 - Test:        6/739 (0%)

29-Jan-24 06:00:57 - /output/model/torgo_xlsr_finetune_M01 is already a clone of https://huggingface.co/macarious/torgo_xlsr_finetune_M01. Make sure you pull the latest changes with `repo.git_pull()`.
29-Jan-24 06:00:59 - Start Training
29-Jan-24 06:00:59 - Training Arguments:
29-Jan-24 06:00:59 - {'Training Epochs': 20, 'Training Batch Size': 4, 'Evaluation Batch Size': 4, 'Learning Rate': 0.0001, 'Weight Decay': 0.005}
29-Jan-24 06:00:59 - Checkpoint found in the repository. Checkpoint files found: ['checkpoint-43500', 'checkpoint-44000', 'checkpoint-44500']
29-Jan-24 06:00:59 - Resuming from checkpoint: /output/model/torgo_xlsr_finetune_M01/checkpoint-44500

