01-Feb-24 13:20:51 - Test Speaker: M04
01-Feb-24 13:20:51 - Log File Path: /output/logs/M04_evaluate_20240201_132051.log

01-Feb-24 13:20:51 - Keep all data in training/validation/test sets

01-Feb-24 13:20:51 - Using GPU: Tesla T4

01-Feb-24 13:20:51 - Loading the model and processor from macarious/torgo_xlsr_finetune_M04__keep_all
01-Feb-24 13:21:29 - Model loaded from macarious/torgo_xlsr_finetune_M04__keep_all
01-Feb-24 13:21:30 - Processor loaded from macarious/torgo_xlsr_finetune_M04__keep_all

01-Feb-24 13:21:31 - Splitting the dataset into training / validation / test sets...
01-Feb-24 13:21:31 - Unique speakers found in the dataset:
01-Feb-24 13:21:31 - ['F01' 'F03' 'F04' 'FC01' 'FC02' 'FC03' 'M01' 'M02' 'M03' 'M04' 'M05'
 'MC01' 'MC02' 'MC03' 'MC04']

01-Feb-24 13:22:18 - After filtering audio within a certain length, the number of data in each dataset is:
01-Feb-24 13:22:18 - Train:       14487/14667 (98%)
01-Feb-24 13:22:18 - Validation:  1017/1075 (94%)
01-Feb-24 13:22:18 - Test:        578/652 (88%)

01-Feb-24 13:22:18 - Start Evaluation
01-Feb-24 13:22:18 - Predicting on the training set...
01-Feb-24 13:38:03 - Word Error Rate: 0.014816052580276826
01-Feb-24 13:38:03 - Predictions saved to: /output/results/torgo_xlsr_finetune_M04__keep_all/M04_predictions_train.csv

01-Feb-24 13:38:03 - Predicting on the validation set...
01-Feb-24 13:39:08 - Word Error Rate: 0.25391370752195497
01-Feb-24 13:39:08 - Predictions saved to: /output/results/torgo_xlsr_finetune_M04__keep_all/M04_predictions_validation.csv

01-Feb-24 13:39:08 - Predicting on the test set...
01-Feb-24 13:39:51 - Word Error Rate: 0.628482972136223
01-Feb-24 13:39:51 - Predictions saved to: /output/results/torgo_xlsr_finetune_M04__keep_all/M04_predictions_test.csv

01-Feb-24 13:39:51 - Summary of Word Error Rates saved to /output/results/torgo_xlsr_finetune_M04__keep_all/M04_wer_summary.csv

01-Feb-24 13:39:51 - End of Script
01-Feb-24 13:39:51 - --------------------------------------------

