07-Mar-24 02:19:50 - Test Speaker: M04
07-Mar-24 02:19:50 - Log File Path: /output/logs/torgo_xlsr_finetune_M04/M04_train_20240307_021950.log

07-Mar-24 02:19:52 - Using GPU: Tesla T4

07-Mar-24 02:19:52 - Splitting the dataset into training / validation / test sets...
07-Mar-24 02:19:52 - Unique speakers found in the dataset:
07-Mar-24 02:19:52 - ['F01' 'F03' 'F04' 'FC01' 'FC02' 'FC03' 'M01' 'M02' 'M03' 'M04' 'M05'
 'MC01' 'MC02' 'MC03' 'MC04']

07-Mar-24 02:19:52 - After removal of repeated prompts, the number of data in each dataset is:
07-Mar-24 02:19:52 - Train:       9559/14667 (65%)
07-Mar-24 02:19:52 - Validation:  483/1075 (44%)
07-Mar-24 02:19:52 - Test:        360/652 (55%)

07-Mar-24 02:19:53 - Vocab Dictionary:
07-Mar-24 02:19:53 - {'[PAD]': 0, '<s>': 1, '</s>': 2, '[UNK]': 3, "'": 4, 'a': 5, 'b': 6, 'c': 7, 'd': 8, 'e': 9, 'f': 10, 'g': 11, 'h': 12, 'i': 13, 'j': 14, 'k': 15, 'l': 16, 'm': 17, 'n': 18, 'o': 19, 'p': 20, 'q': 21, 'r': 22, 's': 23, 't': 24, 'u': 25, 'v': 26, 'w': 27, 'x': 28, 'y': 29, 'z': 30, '|': 31}

07-Mar-24 02:20:28 - After filtering audio within a certain length, the number of data in each dataset is:
07-Mar-24 02:20:28 - Train:       9475/14667 (64%)
07-Mar-24 02:20:28 - Validation:  460/1075 (42%)
07-Mar-24 02:20:28 - Test:        319/652 (48%)

07-Mar-24 02:20:33 - /output/model/torgo_xlsr_finetune_M04 is already a clone of https://huggingface.co/macarious/torgo_xlsr_finetune_M04. Make sure you pull the latest changes with `repo.git_pull()`.
07-Mar-24 02:20:36 - Start Training
07-Mar-24 02:20:36 - Training Arguments:
07-Mar-24 02:20:36 - {'Training Epochs': 20, 'Training Batch Size': 4, 'Evaluation Batch Size': 4, 'Learning Rate': 0.0001, 'Weight Decay': 0.005}
07-Mar-24 02:20:36 - Checkpoint found in the repository. Checkpoint files found: ['checkpoint-22500', 'checkpoint-23000', 'checkpoint-23500']
07-Mar-24 02:20:36 - Resuming from checkpoint: /output/model/torgo_xlsr_finetune_M04/checkpoint-23500

