07-Mar-24 02:28:45 - Test Speaker: M04
07-Mar-24 02:28:45 - Log File Path: /output/logs/torgo_xlsr_finetune_M04/M04_evaluate_20240307_022845.log

07-Mar-24 02:28:47 - Using GPU: Tesla T4

07-Mar-24 02:28:47 - Loading the model and processor from macarious/torgo_xlsr_finetune_M04
07-Mar-24 02:29:05 - Model loaded from macarious/torgo_xlsr_finetune_M04
07-Mar-24 02:29:06 - Processor loaded from macarious/torgo_xlsr_finetune_M04

07-Mar-24 02:29:06 - Splitting the dataset into training / validation / test sets...
07-Mar-24 02:29:06 - Unique speakers found in the dataset:
07-Mar-24 02:29:06 - ['F01' 'F03' 'F04' 'FC01' 'FC02' 'FC03' 'M01' 'M02' 'M03' 'M04' 'M05'
 'MC01' 'MC02' 'MC03' 'MC04']

07-Mar-24 02:29:07 - After removal of repeated prompts, the number of data in each dataset is:
07-Mar-24 02:29:07 - Train:       9559/14667 (65%)
07-Mar-24 02:29:07 - Validation:  483/1075 (44%)
07-Mar-24 02:29:07 - Test:        360/652 (55%)

07-Mar-24 02:29:40 - After filtering audio within a certain length, the number of data in each dataset is:
07-Mar-24 02:29:40 - Train:       9475/14667 (64%)
07-Mar-24 02:29:40 - Validation:  460/1075 (42%)
07-Mar-24 02:29:40 - Test:        319/652 (48%)

07-Mar-24 02:29:40 - Start Evaluation
07-Mar-24 02:29:41 - Predicting on the training set...
07-Mar-24 02:39:41 - Word Error Rate: 0.011912278486340869
07-Mar-24 02:39:41 - Predictions saved to: /output/results/torgo_xlsr_finetune_M04/M04_predictions_train.csv

07-Mar-24 02:39:41 - Predicting on the validation set...
07-Mar-24 02:40:08 - Word Error Rate: 0.26785714285714285
07-Mar-24 02:40:08 - Predictions saved to: /output/results/torgo_xlsr_finetune_M04/M04_predictions_validation.csv

07-Mar-24 02:40:08 - Predicting on the test set...
07-Mar-24 02:40:32 - Word Error Rate: 0.9375
07-Mar-24 02:40:32 - Predictions saved to: /output/results/torgo_xlsr_finetune_M04/M04_predictions_test.csv

07-Mar-24 02:40:32 - Summary of Word Error Rates saved to /output/results/torgo_xlsr_finetune_M04/M04_wer_summary.csv

07-Mar-24 02:40:32 - End of Script
07-Mar-24 02:40:32 - --------------------------------------------

