11-Mar-24 04:27:17 - Test Speaker: M04
11-Mar-24 04:27:17 - Log File Path: /output/logs/torgo_xlsr_finetune_M04_keep_all/M04_evaluate_20240311_042717.log

11-Mar-24 04:27:18 - Using GPU: Tesla T4

11-Mar-24 04:27:18 - Loading the model and processor from macarious/torgo_xlsr_finetune_M04_keep_all
11-Mar-24 04:27:21 - Model loaded from macarious/torgo_xlsr_finetune_M04_keep_all
11-Mar-24 04:27:22 - Processor loaded from macarious/torgo_xlsr_finetune_M04_keep_all

11-Mar-24 04:27:22 - Splitting the dataset into training / validation / test sets...
11-Mar-24 04:27:22 - Unique speakers found in the dataset:
11-Mar-24 04:27:22 - ['F01' 'F03' 'F04' 'FC01' 'FC02' 'FC03' 'M01' 'M02' 'M03' 'M04' 'M05'
 'MC01' 'MC02' 'MC03' 'MC04']

11-Mar-24 04:27:23 - After removal of repeated prompts, the number of data in each dataset is:
11-Mar-24 04:27:23 - Train:       9559/14667 (65%)
11-Mar-24 04:27:23 - Validation:  483/1075 (44%)
11-Mar-24 04:27:23 - Test:        360/652 (55%)

11-Mar-24 04:27:58 - After filtering audio within a certain length, the number of data in each dataset is:
11-Mar-24 04:27:58 - Train:       9475/14667 (64%)
11-Mar-24 04:27:58 - Validation:  460/1075 (42%)
11-Mar-24 04:27:58 - Test:        319/652 (48%)

11-Mar-24 04:27:58 - Start Evaluation
11-Mar-24 04:27:58 - Predicting on the training set...
11-Mar-24 04:37:47 - Word Error Rate: 0.01128088563370796
11-Mar-24 04:37:47 - Predictions saved to: /output/results/torgo_xlsr_finetune_M04_keep_all/M04_predictions_train.csv

11-Mar-24 04:37:47 - Predicting on the validation set...
11-Mar-24 04:38:13 - Word Error Rate: 0.24914965986394558
11-Mar-24 04:38:13 - Predictions saved to: /output/results/torgo_xlsr_finetune_M04_keep_all/M04_predictions_validation.csv

11-Mar-24 04:38:13 - Predicting on the test set...
11-Mar-24 04:38:37 - Word Error Rate: 0.6580882352941176
11-Mar-24 04:38:37 - Predictions saved to: /output/results/torgo_xlsr_finetune_M04_keep_all/M04_predictions_test.csv

11-Mar-24 04:38:37 - Summary of Word Error Rates saved to /output/results/torgo_xlsr_finetune_M04_keep_all/M04_wer_summary.csv

11-Mar-24 04:38:37 - End of Script
11-Mar-24 04:38:37 - --------------------------------------------

