04-Mar-24 22:46:35 - Test Speaker: M01
04-Mar-24 22:46:35 - Log File Path: /output/logs/torgo_xlsr_finetune_M01/M01_train_20240304_224635.log

04-Mar-24 22:46:36 - Using GPU: Tesla T4

04-Mar-24 22:46:36 - Splitting the dataset into training / validation / test sets...
04-Mar-24 22:46:36 - Unique speakers found in the dataset:
04-Mar-24 22:46:36 - ['F01' 'F03' 'F04' 'FC01' 'FC02' 'FC03' 'M01' 'M02' 'M03' 'M04' 'M05'
 'MC01' 'MC02' 'MC03' 'MC04']

04-Mar-24 22:46:38 - After removal of repeated prompts, the number of data in each dataset is:
04-Mar-24 22:46:38 - Train:       9519/14580 (65%)
04-Mar-24 22:46:38 - Validation:  483/1075 (44%)
04-Mar-24 22:46:38 - Test:        407/739 (55%)

04-Mar-24 22:46:41 - Vocab Dictionary:
04-Mar-24 22:46:41 - {'[PAD]': 0, '<s>': 1, '</s>': 2, '[UNK]': 3, "'": 4, 'a': 5, 'b': 6, 'c': 7, 'd': 8, 'e': 9, 'f': 10, 'g': 11, 'h': 12, 'i': 13, 'j': 14, 'k': 15, 'l': 16, 'm': 17, 'n': 18, 'o': 19, 'p': 20, 'q': 21, 'r': 22, 's': 23, 't': 24, 'u': 25, 'v': 26, 'w': 27, 'x': 28, 'y': 29, 'z': 30, '|': 31}

04-Mar-24 22:50:23 - After filtering audio within a certain length, the number of data in each dataset is:
04-Mar-24 22:50:23 - Train:       9413/14580 (64%)
04-Mar-24 22:50:23 - Validation:  460/1075 (42%)
04-Mar-24 22:50:23 - Test:        388/739 (52%)

04-Mar-24 22:50:39 - Cloning https://huggingface.co/macarious/torgo_xlsr_finetune_M01 into local empty directory.
04-Mar-24 22:50:45 - Start Training
04-Mar-24 22:50:45 - Training Arguments:
04-Mar-24 22:50:45 - {'Training Epochs': 20, 'Training Batch Size': 4, 'Evaluation Batch Size': 4, 'Learning Rate': 0.0001, 'Weight Decay': 0.005}
04-Mar-24 22:50:45 - No checkpoint found in the repository. Training from scratch.
