06-Mar-24 16:44:43 - Test Speaker: M01
06-Mar-24 16:44:43 - Log File Path: /output/logs/torgo_xlsr_finetune_M01/M01_evaluate_20240306_164443.log

06-Mar-24 16:44:43 - Using GPU: Tesla T4

06-Mar-24 16:44:43 - Loading the model and processor from macarious/torgo_xlsr_finetune_M01
06-Mar-24 16:45:00 - Model loaded from macarious/torgo_xlsr_finetune_M01
06-Mar-24 16:45:01 - Processor loaded from macarious/torgo_xlsr_finetune_M01

06-Mar-24 16:45:01 - Splitting the dataset into training / validation / test sets...
06-Mar-24 16:45:01 - Unique speakers found in the dataset:
06-Mar-24 16:45:01 - ['F01' 'F03' 'F04' 'FC01' 'FC02' 'FC03' 'M01' 'M02' 'M03' 'M04' 'M05'
 'MC01' 'MC02' 'MC03' 'MC04']

06-Mar-24 16:45:02 - After removal of repeated prompts, the number of data in each dataset is:
06-Mar-24 16:45:02 - Train:       9519/14580 (65%)
06-Mar-24 16:45:02 - Validation:  483/1075 (44%)
06-Mar-24 16:45:02 - Test:        407/739 (55%)

06-Mar-24 16:45:34 - After filtering audio within a certain length, the number of data in each dataset is:
06-Mar-24 16:45:34 - Train:       9413/14580 (64%)
06-Mar-24 16:45:34 - Validation:  460/1075 (42%)
06-Mar-24 16:45:34 - Test:        388/739 (52%)

06-Mar-24 16:45:34 - Start Evaluation
06-Mar-24 16:45:35 - Predicting on the training set...
06-Mar-24 16:55:16 - Word Error Rate: 0.012633996937212864
06-Mar-24 16:55:16 - Predictions saved to: /output/results/torgo_xlsr_finetune_M01/M01_predictions_train.csv

06-Mar-24 16:55:16 - Predicting on the validation set...
06-Mar-24 16:55:42 - Word Error Rate: 0.23129251700680273
06-Mar-24 16:55:42 - Predictions saved to: /output/results/torgo_xlsr_finetune_M01/M01_predictions_validation.csv

06-Mar-24 16:55:42 - Predicting on the test set...
06-Mar-24 16:56:12 - Word Error Rate: 0.8507462686567164
06-Mar-24 16:56:12 - Predictions saved to: /output/results/torgo_xlsr_finetune_M01/M01_predictions_test.csv

06-Mar-24 16:56:12 - Summary of Word Error Rates saved to /output/results/torgo_xlsr_finetune_M01/M01_wer_summary.csv

06-Mar-24 16:56:12 - End of Script
06-Mar-24 16:56:12 - --------------------------------------------

